Analysis & Synthesis report for ExU
Thu Apr 29 23:37:50 2021
Quartus Prime Version 20.1.0 Build 711 06/05/2020 SJ Lite Edition


---------------------
; Table of Contents ;
---------------------
  1. Legal Notice
  2. Analysis & Synthesis Summary
  3. Analysis & Synthesis Settings
  4. Parallel Compilation
  5. Analysis & Synthesis Source Files Read
  6. Analysis & Synthesis Resource Usage Summary
  7. Analysis & Synthesis Resource Utilization by Entity
  8. General Register Statistics
  9. Multiplexer Restructuring Statistics (Restructuring Performed)
 10. Parameter Settings for User Entity Instance: Top-level Entity: |ExecUnit_CSkip
 11. Parameter Settings for User Entity Instance: LogicUnit:LogicUnit64
 12. Parameter Settings for User Entity Instance: ArithUnit_CSkip:ArithUnit64
 13. Parameter Settings for User Entity Instance: ArithUnit_CSkip:ArithUnit64|Adder_Skip:Adder64
 14. Parameter Settings for User Entity Instance: ShiftUnit:ShiftUnit64
 15. Parameter Settings for User Entity Instance: ShiftUnit:ShiftUnit64|SLL64:SLL64unit
 16. Parameter Settings for User Entity Instance: ShiftUnit:ShiftUnit64|SRL64:SRL64unit
 17. Parameter Settings for User Entity Instance: ShiftUnit:ShiftUnit64|SRA64:SRA64unit
 18. Port Connectivity Checks: "ArithUnit_CSkip:ArithUnit64|Adder_Skip:Adder64|Carry_Skip_Block:\result:14:CSB"
 19. Port Connectivity Checks: "ArithUnit_CSkip:ArithUnit64|Adder_Skip:Adder64|Carry_Skip_Block:\result:13:CSB"
 20. Port Connectivity Checks: "ArithUnit_CSkip:ArithUnit64|Adder_Skip:Adder64|Carry_Skip_Block:\result:12:CSB"
 21. Port Connectivity Checks: "ArithUnit_CSkip:ArithUnit64|Adder_Skip:Adder64|Carry_Skip_Block:\result:11:CSB"
 22. Port Connectivity Checks: "ArithUnit_CSkip:ArithUnit64|Adder_Skip:Adder64|Carry_Skip_Block:\result:10:CSB"
 23. Port Connectivity Checks: "ArithUnit_CSkip:ArithUnit64|Adder_Skip:Adder64|Carry_Skip_Block:\result:9:CSB"
 24. Port Connectivity Checks: "ArithUnit_CSkip:ArithUnit64|Adder_Skip:Adder64|Carry_Skip_Block:\result:8:CSB"
 25. Port Connectivity Checks: "ArithUnit_CSkip:ArithUnit64|Adder_Skip:Adder64|Carry_Skip_Block:\result:7:CSB"
 26. Port Connectivity Checks: "ArithUnit_CSkip:ArithUnit64|Adder_Skip:Adder64|Carry_Skip_Block:\result:6:CSB"
 27. Port Connectivity Checks: "ArithUnit_CSkip:ArithUnit64|Adder_Skip:Adder64|Carry_Skip_Block:\result:5:CSB"
 28. Port Connectivity Checks: "ArithUnit_CSkip:ArithUnit64|Adder_Skip:Adder64|Carry_Skip_Block:\result:4:CSB"
 29. Port Connectivity Checks: "ArithUnit_CSkip:ArithUnit64|Adder_Skip:Adder64|Carry_Skip_Block:\result:3:CSB"
 30. Port Connectivity Checks: "ArithUnit_CSkip:ArithUnit64|Adder_Skip:Adder64|Carry_Skip_Block:\result:2:CSB"
 31. Port Connectivity Checks: "ArithUnit_CSkip:ArithUnit64|Adder_Skip:Adder64|Carry_Skip_Block:\result:1:CSB"
 32. Port Connectivity Checks: "ArithUnit_CSkip:ArithUnit64|Adder_Skip:Adder64|Carry_Skip_Block:\result:0:CSB"
 33. Port Connectivity Checks: "ArithUnit_CSkip:ArithUnit64"
 34. Post-Synthesis Netlist Statistics for Top Partition
 35. Elapsed Time Per Partition
 36. Analysis & Synthesis Messages



----------------
; Legal Notice ;
----------------
Copyright (C) 2020  Intel Corporation. All rights reserved.
Your use of Intel Corporation's design tools, logic functions 
and other software and tools, and any partner logic 
functions, and any output files from any of the foregoing 
(including device programming or simulation files), and any 
associated documentation or information are expressly subject 
to the terms and conditions of the Intel Program License 
Subscription Agreement, the Intel Quartus Prime License Agreement,
the Intel FPGA IP License Agreement, or other applicable license
agreement, including, without limitation, that your use is for
the sole purpose of programming logic devices manufactured by
Intel and sold by Intel or its authorized distributors.  Please
refer to the applicable agreement for further details, at
https://fpgasoftware.intel.com/eula.



+----------------------------------------------------------------------------------+
; Analysis & Synthesis Summary                                                     ;
+------------------------------------+---------------------------------------------+
; Analysis & Synthesis Status        ; Successful - Thu Apr 29 23:37:50 2021       ;
; Quartus Prime Version              ; 20.1.0 Build 711 06/05/2020 SJ Lite Edition ;
; Revision Name                      ; ExU                                         ;
; Top-level Entity Name              ; ExecUnit_CSkip                              ;
; Family                             ; Cyclone IV E                                ;
; Total logic elements               ; 1,615                                       ;
;     Total combinational functions  ; 1,615                                       ;
;     Dedicated logic registers      ; 0                                           ;
; Total registers                    ; 0                                           ;
; Total pins                         ; 204                                         ;
; Total virtual pins                 ; 0                                           ;
; Total memory bits                  ; 0                                           ;
; Embedded Multiplier 9-bit elements ; 0                                           ;
; Total PLLs                         ; 0                                           ;
+------------------------------------+---------------------------------------------+


+------------------------------------------------------------------------------------------------------------+
; Analysis & Synthesis Settings                                                                              ;
+------------------------------------------------------------------+--------------------+--------------------+
; Option                                                           ; Setting            ; Default Value      ;
+------------------------------------------------------------------+--------------------+--------------------+
; Device                                                           ; EP4CE30F23C7       ;                    ;
; Top-level entity name                                            ; ExecUnit_CSkip     ; ExU                ;
; Family name                                                      ; Cyclone IV E       ; Cyclone V          ;
; VHDL Show LMF Mapping Messages                                   ; Off                ;                    ;
; VHDL Version                                                     ; VHDL_2008          ; VHDL_1993          ;
; Use smart compilation                                            ; Off                ; Off                ;
; Enable parallel Assembler and Timing Analyzer during compilation ; On                 ; On                 ;
; Enable compact report table                                      ; Off                ; Off                ;
; Restructure Multiplexers                                         ; Auto               ; Auto               ;
; Create Debugging Nodes for IP Cores                              ; Off                ; Off                ;
; Preserve fewer node names                                        ; On                 ; On                 ;
; Intel FPGA IP Evaluation Mode                                    ; Enable             ; Enable             ;
; Verilog Version                                                  ; Verilog_2001       ; Verilog_2001       ;
; State Machine Processing                                         ; Auto               ; Auto               ;
; Safe State Machine                                               ; Off                ; Off                ;
; Extract Verilog State Machines                                   ; On                 ; On                 ;
; Extract VHDL State Machines                                      ; On                 ; On                 ;
; Ignore Verilog initial constructs                                ; Off                ; Off                ;
; Iteration limit for constant Verilog loops                       ; 5000               ; 5000               ;
; Iteration limit for non-constant Verilog loops                   ; 250                ; 250                ;
; Add Pass-Through Logic to Inferred RAMs                          ; On                 ; On                 ;
; Infer RAMs from Raw Logic                                        ; On                 ; On                 ;
; Parallel Synthesis                                               ; On                 ; On                 ;
; DSP Block Balancing                                              ; Auto               ; Auto               ;
; NOT Gate Push-Back                                               ; On                 ; On                 ;
; Power-Up Don't Care                                              ; On                 ; On                 ;
; Remove Redundant Logic Cells                                     ; Off                ; Off                ;
; Remove Duplicate Registers                                       ; On                 ; On                 ;
; Ignore CARRY Buffers                                             ; Off                ; Off                ;
; Ignore CASCADE Buffers                                           ; Off                ; Off                ;
; Ignore GLOBAL Buffers                                            ; Off                ; Off                ;
; Ignore ROW GLOBAL Buffers                                        ; Off                ; Off                ;
; Ignore LCELL Buffers                                             ; Off                ; Off                ;
; Ignore SOFT Buffers                                              ; On                 ; On                 ;
; Limit AHDL Integers to 32 Bits                                   ; Off                ; Off                ;
; Optimization Technique                                           ; Balanced           ; Balanced           ;
; Carry Chain Length                                               ; 70                 ; 70                 ;
; Auto Carry Chains                                                ; On                 ; On                 ;
; Auto Open-Drain Pins                                             ; On                 ; On                 ;
; Perform WYSIWYG Primitive Resynthesis                            ; Off                ; Off                ;
; Auto ROM Replacement                                             ; On                 ; On                 ;
; Auto RAM Replacement                                             ; On                 ; On                 ;
; Auto DSP Block Replacement                                       ; On                 ; On                 ;
; Auto Shift Register Replacement                                  ; Auto               ; Auto               ;
; Allow Shift Register Merging across Hierarchies                  ; Auto               ; Auto               ;
; Auto Clock Enable Replacement                                    ; On                 ; On                 ;
; Strict RAM Replacement                                           ; Off                ; Off                ;
; Allow Synchronous Control Signals                                ; On                 ; On                 ;
; Force Use of Synchronous Clear Signals                           ; Off                ; Off                ;
; Auto RAM Block Balancing                                         ; On                 ; On                 ;
; Auto RAM to Logic Cell Conversion                                ; Off                ; Off                ;
; Auto Resource Sharing                                            ; Off                ; Off                ;
; Allow Any RAM Size For Recognition                               ; Off                ; Off                ;
; Allow Any ROM Size For Recognition                               ; Off                ; Off                ;
; Allow Any Shift Register Size For Recognition                    ; Off                ; Off                ;
; Use LogicLock Constraints during Resource Balancing              ; On                 ; On                 ;
; Ignore translate_off and synthesis_off directives                ; Off                ; Off                ;
; Timing-Driven Synthesis                                          ; On                 ; On                 ;
; Report Parameter Settings                                        ; On                 ; On                 ;
; Report Source Assignments                                        ; On                 ; On                 ;
; Report Connectivity Checks                                       ; On                 ; On                 ;
; Ignore Maximum Fan-Out Assignments                               ; Off                ; Off                ;
; Synchronization Register Chain Length                            ; 2                  ; 2                  ;
; Power Optimization During Synthesis                              ; Normal compilation ; Normal compilation ;
; HDL message level                                                ; Level2             ; Level2             ;
; Suppress Register Optimization Related Messages                  ; Off                ; Off                ;
; Number of Removed Registers Reported in Synthesis Report         ; 5000               ; 5000               ;
; Number of Swept Nodes Reported in Synthesis Report               ; 5000               ; 5000               ;
; Number of Inverted Registers Reported in Synthesis Report        ; 100                ; 100                ;
; Clock MUX Protection                                             ; On                 ; On                 ;
; Auto Gated Clock Conversion                                      ; Off                ; Off                ;
; Block Design Naming                                              ; Auto               ; Auto               ;
; SDC constraint protection                                        ; Off                ; Off                ;
; Synthesis Effort                                                 ; Auto               ; Auto               ;
; Shift Register Replacement - Allow Asynchronous Clear Signal     ; On                 ; On                 ;
; Pre-Mapping Resynthesis Optimization                             ; Off                ; Off                ;
; Analysis & Synthesis Message Level                               ; Medium             ; Medium             ;
; Disable Register Merging Across Hierarchies                      ; Auto               ; Auto               ;
; Resource Aware Inference For Block RAM                           ; On                 ; On                 ;
+------------------------------------------------------------------+--------------------+--------------------+


+------------------------------------------+
; Parallel Compilation                     ;
+----------------------------+-------------+
; Processors                 ; Number      ;
+----------------------------+-------------+
; Number detected on machine ; 8           ;
; Maximum allowed            ; 4           ;
;                            ;             ;
; Average used               ; 1.00        ;
; Maximum used               ; 4           ;
;                            ;             ;
; Usage by Processor         ; % Time Used ;
;     Processor 1            ; 100.0%      ;
;     Processor 2            ;   0.0%      ;
;     Processor 3            ;   0.0%      ;
;     Processor 4            ;   0.0%      ;
+----------------------------+-------------+


+---------------------------------------------------------------------------------------------------------------------------------------------+
; Analysis & Synthesis Source Files Read                                                                                                      ;
+----------------------------------+-----------------+-----------------+------------------------------------------------------------+---------+
; File Name with User-Entered Path ; Used in Netlist ; File Type       ; File Name with Absolute Path                               ; Library ;
+----------------------------------+-----------------+-----------------+------------------------------------------------------------+---------+
; SourceCode/SRL64.vhd             ; yes             ; User VHDL File  ; C:/Users/Ben/Documents/ExU/SourceCode/SRL64.vhd            ;         ;
; SourceCode/SRA64.vhd             ; yes             ; User VHDL File  ; C:/Users/Ben/Documents/ExU/SourceCode/SRA64.vhd            ;         ;
; SourceCode/SLL64.vhd             ; yes             ; User VHDL File  ; C:/Users/Ben/Documents/ExU/SourceCode/SLL64.vhd            ;         ;
; SourceCode/ShiftUnit.vhd         ; yes             ; User VHDL File  ; C:/Users/Ben/Documents/ExU/SourceCode/ShiftUnit.vhd        ;         ;
; SourceCode/LogicUnit.vhd         ; yes             ; User VHDL File  ; C:/Users/Ben/Documents/ExU/SourceCode/LogicUnit.vhd        ;         ;
; SourceCode/Full_Adder.vhd        ; yes             ; User VHDL File  ; C:/Users/Ben/Documents/ExU/SourceCode/Full_Adder.vhd       ;         ;
; SourceCode/ExecUnit_CSkip.vhd    ; yes             ; User VHDL File  ; C:/Users/Ben/Documents/ExU/SourceCode/ExecUnit_CSkip.vhd   ;         ;
; SourceCode/Carry_Skip_Block.vhd  ; yes             ; User VHDL File  ; C:/Users/Ben/Documents/ExU/SourceCode/Carry_Skip_Block.vhd ;         ;
; SourceCode/ArithUnit_CSkip.vhd   ; yes             ; User VHDL File  ; C:/Users/Ben/Documents/ExU/SourceCode/ArithUnit_CSkip.vhd  ;         ;
; SourceCode/Adder_Skip.vhd        ; yes             ; User VHDL File  ; C:/Users/Ben/Documents/ExU/SourceCode/Adder_Skip.vhd       ;         ;
+----------------------------------+-----------------+-----------------+------------------------------------------------------------+---------+


+----------------------------------------------------------+
; Analysis & Synthesis Resource Usage Summary              ;
+---------------------------------------------+------------+
; Resource                                    ; Usage      ;
+---------------------------------------------+------------+
; Estimated Total logic elements              ; 1,615      ;
;                                             ;            ;
; Total combinational functions               ; 1615       ;
; Logic element usage by number of LUT inputs ;            ;
;     -- 4 input functions                    ; 1171       ;
;     -- 3 input functions                    ; 282        ;
;     -- <=2 input functions                  ; 162        ;
;                                             ;            ;
; Logic elements by mode                      ;            ;
;     -- normal mode                          ; 1615       ;
;     -- arithmetic mode                      ; 0          ;
;                                             ;            ;
; Total registers                             ; 0          ;
;     -- Dedicated logic registers            ; 0          ;
;     -- I/O registers                        ; 0          ;
;                                             ;            ;
; I/O pins                                    ; 204        ;
;                                             ;            ;
; Embedded Multiplier 9-bit elements          ; 0          ;
;                                             ;            ;
; Maximum fan-out node                        ; B[2]~input ;
; Maximum fan-out                             ; 238        ;
; Total fan-out                               ; 6125       ;
; Average fan-out                             ; 3.03       ;
+---------------------------------------------+------------+


+-------------------------------------------------------------------------------------------------------------------------------------------------------------------------------------------------------------------------------------------------------------------------------------------------------------------------+
; Analysis & Synthesis Resource Utilization by Entity                                                                                                                                                                                                                                                                     ;
+--------------------------------------------+---------------------+---------------------------+-------------+--------------+---------+-----------+------+--------------+---------------------------------------------------------------------------------------------------------------+------------------+--------------+
; Compilation Hierarchy Node                 ; Combinational ALUTs ; Dedicated Logic Registers ; Memory Bits ; DSP Elements ; DSP 9x9 ; DSP 18x18 ; Pins ; Virtual Pins ; Full Hierarchy Name                                                                                           ; Entity Name      ; Library Name ;
+--------------------------------------------+---------------------+---------------------------+-------------+--------------+---------+-----------+------+--------------+---------------------------------------------------------------------------------------------------------------+------------------+--------------+
; |ExecUnit_CSkip                            ; 1615 (416)          ; 0 (0)                     ; 0           ; 0            ; 0       ; 0         ; 204  ; 0            ; |ExecUnit_CSkip                                                                                               ; ExecUnit_CSkip   ; work         ;
;    |ArithUnit_CSkip:ArithUnit64|           ; 286 (88)            ; 0 (0)                     ; 0           ; 0            ; 0       ; 0         ; 0    ; 0            ; |ExecUnit_CSkip|ArithUnit_CSkip:ArithUnit64                                                                   ; ArithUnit_CSkip  ; work         ;
;       |Adder_Skip:Adder64|                 ; 198 (0)             ; 0 (0)                     ; 0           ; 0            ; 0       ; 0         ; 0    ; 0            ; |ExecUnit_CSkip|ArithUnit_CSkip:ArithUnit64|Adder_Skip:Adder64                                                ; Adder_Skip       ; work         ;
;          |Carry_Skip_Block:\result:0:CSB|  ; 11 (3)              ; 0 (0)                     ; 0           ; 0            ; 0       ; 0         ; 0    ; 0            ; |ExecUnit_CSkip|ArithUnit_CSkip:ArithUnit64|Adder_Skip:Adder64|Carry_Skip_Block:\result:0:CSB                 ; Carry_Skip_Block ; work         ;
;             |Full_Adder:fa0|               ; 2 (2)               ; 0 (0)                     ; 0           ; 0            ; 0       ; 0         ; 0    ; 0            ; |ExecUnit_CSkip|ArithUnit_CSkip:ArithUnit64|Adder_Skip:Adder64|Carry_Skip_Block:\result:0:CSB|Full_Adder:fa0  ; Full_Adder       ; work         ;
;             |Full_Adder:fa1|               ; 2 (2)               ; 0 (0)                     ; 0           ; 0            ; 0       ; 0         ; 0    ; 0            ; |ExecUnit_CSkip|ArithUnit_CSkip:ArithUnit64|Adder_Skip:Adder64|Carry_Skip_Block:\result:0:CSB|Full_Adder:fa1  ; Full_Adder       ; work         ;
;             |Full_Adder:fa2|               ; 3 (3)               ; 0 (0)                     ; 0           ; 0            ; 0       ; 0         ; 0    ; 0            ; |ExecUnit_CSkip|ArithUnit_CSkip:ArithUnit64|Adder_Skip:Adder64|Carry_Skip_Block:\result:0:CSB|Full_Adder:fa2  ; Full_Adder       ; work         ;
;             |Full_Adder:fa3|               ; 1 (1)               ; 0 (0)                     ; 0           ; 0            ; 0       ; 0         ; 0    ; 0            ; |ExecUnit_CSkip|ArithUnit_CSkip:ArithUnit64|Adder_Skip:Adder64|Carry_Skip_Block:\result:0:CSB|Full_Adder:fa3  ; Full_Adder       ; work         ;
;          |Carry_Skip_Block:\result:10:CSB| ; 12 (3)              ; 0 (0)                     ; 0           ; 0            ; 0       ; 0         ; 0    ; 0            ; |ExecUnit_CSkip|ArithUnit_CSkip:ArithUnit64|Adder_Skip:Adder64|Carry_Skip_Block:\result:10:CSB                ; Carry_Skip_Block ; work         ;
;             |Full_Adder:fa0|               ; 3 (3)               ; 0 (0)                     ; 0           ; 0            ; 0       ; 0         ; 0    ; 0            ; |ExecUnit_CSkip|ArithUnit_CSkip:ArithUnit64|Adder_Skip:Adder64|Carry_Skip_Block:\result:10:CSB|Full_Adder:fa0 ; Full_Adder       ; work         ;
;             |Full_Adder:fa1|               ; 2 (2)               ; 0 (0)                     ; 0           ; 0            ; 0       ; 0         ; 0    ; 0            ; |ExecUnit_CSkip|ArithUnit_CSkip:ArithUnit64|Adder_Skip:Adder64|Carry_Skip_Block:\result:10:CSB|Full_Adder:fa1 ; Full_Adder       ; work         ;
;             |Full_Adder:fa2|               ; 3 (3)               ; 0 (0)                     ; 0           ; 0            ; 0       ; 0         ; 0    ; 0            ; |ExecUnit_CSkip|ArithUnit_CSkip:ArithUnit64|Adder_Skip:Adder64|Carry_Skip_Block:\result:10:CSB|Full_Adder:fa2 ; Full_Adder       ; work         ;
;             |Full_Adder:fa3|               ; 1 (1)               ; 0 (0)                     ; 0           ; 0            ; 0       ; 0         ; 0    ; 0            ; |ExecUnit_CSkip|ArithUnit_CSkip:ArithUnit64|Adder_Skip:Adder64|Carry_Skip_Block:\result:10:CSB|Full_Adder:fa3 ; Full_Adder       ; work         ;
;          |Carry_Skip_Block:\result:11:CSB| ; 12 (3)              ; 0 (0)                     ; 0           ; 0            ; 0       ; 0         ; 0    ; 0            ; |ExecUnit_CSkip|ArithUnit_CSkip:ArithUnit64|Adder_Skip:Adder64|Carry_Skip_Block:\result:11:CSB                ; Carry_Skip_Block ; work         ;
;             |Full_Adder:fa0|               ; 3 (3)               ; 0 (0)                     ; 0           ; 0            ; 0       ; 0         ; 0    ; 0            ; |ExecUnit_CSkip|ArithUnit_CSkip:ArithUnit64|Adder_Skip:Adder64|Carry_Skip_Block:\result:11:CSB|Full_Adder:fa0 ; Full_Adder       ; work         ;
;             |Full_Adder:fa1|               ; 2 (2)               ; 0 (0)                     ; 0           ; 0            ; 0       ; 0         ; 0    ; 0            ; |ExecUnit_CSkip|ArithUnit_CSkip:ArithUnit64|Adder_Skip:Adder64|Carry_Skip_Block:\result:11:CSB|Full_Adder:fa1 ; Full_Adder       ; work         ;
;             |Full_Adder:fa2|               ; 3 (3)               ; 0 (0)                     ; 0           ; 0            ; 0       ; 0         ; 0    ; 0            ; |ExecUnit_CSkip|ArithUnit_CSkip:ArithUnit64|Adder_Skip:Adder64|Carry_Skip_Block:\result:11:CSB|Full_Adder:fa2 ; Full_Adder       ; work         ;
;             |Full_Adder:fa3|               ; 1 (1)               ; 0 (0)                     ; 0           ; 0            ; 0       ; 0         ; 0    ; 0            ; |ExecUnit_CSkip|ArithUnit_CSkip:ArithUnit64|Adder_Skip:Adder64|Carry_Skip_Block:\result:11:CSB|Full_Adder:fa3 ; Full_Adder       ; work         ;
;          |Carry_Skip_Block:\result:12:CSB| ; 12 (3)              ; 0 (0)                     ; 0           ; 0            ; 0       ; 0         ; 0    ; 0            ; |ExecUnit_CSkip|ArithUnit_CSkip:ArithUnit64|Adder_Skip:Adder64|Carry_Skip_Block:\result:12:CSB                ; Carry_Skip_Block ; work         ;
;             |Full_Adder:fa0|               ; 3 (3)               ; 0 (0)                     ; 0           ; 0            ; 0       ; 0         ; 0    ; 0            ; |ExecUnit_CSkip|ArithUnit_CSkip:ArithUnit64|Adder_Skip:Adder64|Carry_Skip_Block:\result:12:CSB|Full_Adder:fa0 ; Full_Adder       ; work         ;
;             |Full_Adder:fa1|               ; 2 (2)               ; 0 (0)                     ; 0           ; 0            ; 0       ; 0         ; 0    ; 0            ; |ExecUnit_CSkip|ArithUnit_CSkip:ArithUnit64|Adder_Skip:Adder64|Carry_Skip_Block:\result:12:CSB|Full_Adder:fa1 ; Full_Adder       ; work         ;
;             |Full_Adder:fa2|               ; 3 (3)               ; 0 (0)                     ; 0           ; 0            ; 0       ; 0         ; 0    ; 0            ; |ExecUnit_CSkip|ArithUnit_CSkip:ArithUnit64|Adder_Skip:Adder64|Carry_Skip_Block:\result:12:CSB|Full_Adder:fa2 ; Full_Adder       ; work         ;
;             |Full_Adder:fa3|               ; 1 (1)               ; 0 (0)                     ; 0           ; 0            ; 0       ; 0         ; 0    ; 0            ; |ExecUnit_CSkip|ArithUnit_CSkip:ArithUnit64|Adder_Skip:Adder64|Carry_Skip_Block:\result:12:CSB|Full_Adder:fa3 ; Full_Adder       ; work         ;
;          |Carry_Skip_Block:\result:13:CSB| ; 12 (3)              ; 0 (0)                     ; 0           ; 0            ; 0       ; 0         ; 0    ; 0            ; |ExecUnit_CSkip|ArithUnit_CSkip:ArithUnit64|Adder_Skip:Adder64|Carry_Skip_Block:\result:13:CSB                ; Carry_Skip_Block ; work         ;
;             |Full_Adder:fa0|               ; 3 (3)               ; 0 (0)                     ; 0           ; 0            ; 0       ; 0         ; 0    ; 0            ; |ExecUnit_CSkip|ArithUnit_CSkip:ArithUnit64|Adder_Skip:Adder64|Carry_Skip_Block:\result:13:CSB|Full_Adder:fa0 ; Full_Adder       ; work         ;
;             |Full_Adder:fa1|               ; 2 (2)               ; 0 (0)                     ; 0           ; 0            ; 0       ; 0         ; 0    ; 0            ; |ExecUnit_CSkip|ArithUnit_CSkip:ArithUnit64|Adder_Skip:Adder64|Carry_Skip_Block:\result:13:CSB|Full_Adder:fa1 ; Full_Adder       ; work         ;
;             |Full_Adder:fa2|               ; 3 (3)               ; 0 (0)                     ; 0           ; 0            ; 0       ; 0         ; 0    ; 0            ; |ExecUnit_CSkip|ArithUnit_CSkip:ArithUnit64|Adder_Skip:Adder64|Carry_Skip_Block:\result:13:CSB|Full_Adder:fa2 ; Full_Adder       ; work         ;
;             |Full_Adder:fa3|               ; 1 (1)               ; 0 (0)                     ; 0           ; 0            ; 0       ; 0         ; 0    ; 0            ; |ExecUnit_CSkip|ArithUnit_CSkip:ArithUnit64|Adder_Skip:Adder64|Carry_Skip_Block:\result:13:CSB|Full_Adder:fa3 ; Full_Adder       ; work         ;
;          |Carry_Skip_Block:\result:14:CSB| ; 12 (3)              ; 0 (0)                     ; 0           ; 0            ; 0       ; 0         ; 0    ; 0            ; |ExecUnit_CSkip|ArithUnit_CSkip:ArithUnit64|Adder_Skip:Adder64|Carry_Skip_Block:\result:14:CSB                ; Carry_Skip_Block ; work         ;
;             |Full_Adder:fa0|               ; 3 (3)               ; 0 (0)                     ; 0           ; 0            ; 0       ; 0         ; 0    ; 0            ; |ExecUnit_CSkip|ArithUnit_CSkip:ArithUnit64|Adder_Skip:Adder64|Carry_Skip_Block:\result:14:CSB|Full_Adder:fa0 ; Full_Adder       ; work         ;
;             |Full_Adder:fa1|               ; 2 (2)               ; 0 (0)                     ; 0           ; 0            ; 0       ; 0         ; 0    ; 0            ; |ExecUnit_CSkip|ArithUnit_CSkip:ArithUnit64|Adder_Skip:Adder64|Carry_Skip_Block:\result:14:CSB|Full_Adder:fa1 ; Full_Adder       ; work         ;
;             |Full_Adder:fa2|               ; 3 (3)               ; 0 (0)                     ; 0           ; 0            ; 0       ; 0         ; 0    ; 0            ; |ExecUnit_CSkip|ArithUnit_CSkip:ArithUnit64|Adder_Skip:Adder64|Carry_Skip_Block:\result:14:CSB|Full_Adder:fa2 ; Full_Adder       ; work         ;
;             |Full_Adder:fa3|               ; 1 (1)               ; 0 (0)                     ; 0           ; 0            ; 0       ; 0         ; 0    ; 0            ; |ExecUnit_CSkip|ArithUnit_CSkip:ArithUnit64|Adder_Skip:Adder64|Carry_Skip_Block:\result:14:CSB|Full_Adder:fa3 ; Full_Adder       ; work         ;
;          |Carry_Skip_Block:\result:15:CSB| ; 12 (3)              ; 0 (0)                     ; 0           ; 0            ; 0       ; 0         ; 0    ; 0            ; |ExecUnit_CSkip|ArithUnit_CSkip:ArithUnit64|Adder_Skip:Adder64|Carry_Skip_Block:\result:15:CSB                ; Carry_Skip_Block ; work         ;
;             |Full_Adder:fa0|               ; 2 (2)               ; 0 (0)                     ; 0           ; 0            ; 0       ; 0         ; 0    ; 0            ; |ExecUnit_CSkip|ArithUnit_CSkip:ArithUnit64|Adder_Skip:Adder64|Carry_Skip_Block:\result:15:CSB|Full_Adder:fa0 ; Full_Adder       ; work         ;
;             |Full_Adder:fa1|               ; 3 (3)               ; 0 (0)                     ; 0           ; 0            ; 0       ; 0         ; 0    ; 0            ; |ExecUnit_CSkip|ArithUnit_CSkip:ArithUnit64|Adder_Skip:Adder64|Carry_Skip_Block:\result:15:CSB|Full_Adder:fa1 ; Full_Adder       ; work         ;
;             |Full_Adder:fa2|               ; 2 (2)               ; 0 (0)                     ; 0           ; 0            ; 0       ; 0         ; 0    ; 0            ; |ExecUnit_CSkip|ArithUnit_CSkip:ArithUnit64|Adder_Skip:Adder64|Carry_Skip_Block:\result:15:CSB|Full_Adder:fa2 ; Full_Adder       ; work         ;
;             |Full_Adder:fa3|               ; 2 (2)               ; 0 (0)                     ; 0           ; 0            ; 0       ; 0         ; 0    ; 0            ; |ExecUnit_CSkip|ArithUnit_CSkip:ArithUnit64|Adder_Skip:Adder64|Carry_Skip_Block:\result:15:CSB|Full_Adder:fa3 ; Full_Adder       ; work         ;
;          |Carry_Skip_Block:\result:1:CSB|  ; 12 (3)              ; 0 (0)                     ; 0           ; 0            ; 0       ; 0         ; 0    ; 0            ; |ExecUnit_CSkip|ArithUnit_CSkip:ArithUnit64|Adder_Skip:Adder64|Carry_Skip_Block:\result:1:CSB                 ; Carry_Skip_Block ; work         ;
;             |Full_Adder:fa0|               ; 3 (3)               ; 0 (0)                     ; 0           ; 0            ; 0       ; 0         ; 0    ; 0            ; |ExecUnit_CSkip|ArithUnit_CSkip:ArithUnit64|Adder_Skip:Adder64|Carry_Skip_Block:\result:1:CSB|Full_Adder:fa0  ; Full_Adder       ; work         ;
;             |Full_Adder:fa1|               ; 2 (2)               ; 0 (0)                     ; 0           ; 0            ; 0       ; 0         ; 0    ; 0            ; |ExecUnit_CSkip|ArithUnit_CSkip:ArithUnit64|Adder_Skip:Adder64|Carry_Skip_Block:\result:1:CSB|Full_Adder:fa1  ; Full_Adder       ; work         ;
;             |Full_Adder:fa2|               ; 3 (3)               ; 0 (0)                     ; 0           ; 0            ; 0       ; 0         ; 0    ; 0            ; |ExecUnit_CSkip|ArithUnit_CSkip:ArithUnit64|Adder_Skip:Adder64|Carry_Skip_Block:\result:1:CSB|Full_Adder:fa2  ; Full_Adder       ; work         ;
;             |Full_Adder:fa3|               ; 1 (1)               ; 0 (0)                     ; 0           ; 0            ; 0       ; 0         ; 0    ; 0            ; |ExecUnit_CSkip|ArithUnit_CSkip:ArithUnit64|Adder_Skip:Adder64|Carry_Skip_Block:\result:1:CSB|Full_Adder:fa3  ; Full_Adder       ; work         ;
;          |Carry_Skip_Block:\result:2:CSB|  ; 13 (3)              ; 0 (0)                     ; 0           ; 0            ; 0       ; 0         ; 0    ; 0            ; |ExecUnit_CSkip|ArithUnit_CSkip:ArithUnit64|Adder_Skip:Adder64|Carry_Skip_Block:\result:2:CSB                 ; Carry_Skip_Block ; work         ;
;             |Full_Adder:fa0|               ; 4 (4)               ; 0 (0)                     ; 0           ; 0            ; 0       ; 0         ; 0    ; 0            ; |ExecUnit_CSkip|ArithUnit_CSkip:ArithUnit64|Adder_Skip:Adder64|Carry_Skip_Block:\result:2:CSB|Full_Adder:fa0  ; Full_Adder       ; work         ;
;             |Full_Adder:fa1|               ; 2 (2)               ; 0 (0)                     ; 0           ; 0            ; 0       ; 0         ; 0    ; 0            ; |ExecUnit_CSkip|ArithUnit_CSkip:ArithUnit64|Adder_Skip:Adder64|Carry_Skip_Block:\result:2:CSB|Full_Adder:fa1  ; Full_Adder       ; work         ;
;             |Full_Adder:fa2|               ; 3 (3)               ; 0 (0)                     ; 0           ; 0            ; 0       ; 0         ; 0    ; 0            ; |ExecUnit_CSkip|ArithUnit_CSkip:ArithUnit64|Adder_Skip:Adder64|Carry_Skip_Block:\result:2:CSB|Full_Adder:fa2  ; Full_Adder       ; work         ;
;             |Full_Adder:fa3|               ; 1 (1)               ; 0 (0)                     ; 0           ; 0            ; 0       ; 0         ; 0    ; 0            ; |ExecUnit_CSkip|ArithUnit_CSkip:ArithUnit64|Adder_Skip:Adder64|Carry_Skip_Block:\result:2:CSB|Full_Adder:fa3  ; Full_Adder       ; work         ;
;          |Carry_Skip_Block:\result:3:CSB|  ; 12 (3)              ; 0 (0)                     ; 0           ; 0            ; 0       ; 0         ; 0    ; 0            ; |ExecUnit_CSkip|ArithUnit_CSkip:ArithUnit64|Adder_Skip:Adder64|Carry_Skip_Block:\result:3:CSB                 ; Carry_Skip_Block ; work         ;
;             |Full_Adder:fa0|               ; 3 (3)               ; 0 (0)                     ; 0           ; 0            ; 0       ; 0         ; 0    ; 0            ; |ExecUnit_CSkip|ArithUnit_CSkip:ArithUnit64|Adder_Skip:Adder64|Carry_Skip_Block:\result:3:CSB|Full_Adder:fa0  ; Full_Adder       ; work         ;
;             |Full_Adder:fa1|               ; 2 (2)               ; 0 (0)                     ; 0           ; 0            ; 0       ; 0         ; 0    ; 0            ; |ExecUnit_CSkip|ArithUnit_CSkip:ArithUnit64|Adder_Skip:Adder64|Carry_Skip_Block:\result:3:CSB|Full_Adder:fa1  ; Full_Adder       ; work         ;
;             |Full_Adder:fa2|               ; 3 (3)               ; 0 (0)                     ; 0           ; 0            ; 0       ; 0         ; 0    ; 0            ; |ExecUnit_CSkip|ArithUnit_CSkip:ArithUnit64|Adder_Skip:Adder64|Carry_Skip_Block:\result:3:CSB|Full_Adder:fa2  ; Full_Adder       ; work         ;
;             |Full_Adder:fa3|               ; 1 (1)               ; 0 (0)                     ; 0           ; 0            ; 0       ; 0         ; 0    ; 0            ; |ExecUnit_CSkip|ArithUnit_CSkip:ArithUnit64|Adder_Skip:Adder64|Carry_Skip_Block:\result:3:CSB|Full_Adder:fa3  ; Full_Adder       ; work         ;
;          |Carry_Skip_Block:\result:4:CSB|  ; 17 (5)              ; 0 (0)                     ; 0           ; 0            ; 0       ; 0         ; 0    ; 0            ; |ExecUnit_CSkip|ArithUnit_CSkip:ArithUnit64|Adder_Skip:Adder64|Carry_Skip_Block:\result:4:CSB                 ; Carry_Skip_Block ; work         ;
;             |Full_Adder:fa0|               ; 3 (3)               ; 0 (0)                     ; 0           ; 0            ; 0       ; 0         ; 0    ; 0            ; |ExecUnit_CSkip|ArithUnit_CSkip:ArithUnit64|Adder_Skip:Adder64|Carry_Skip_Block:\result:4:CSB|Full_Adder:fa0  ; Full_Adder       ; work         ;
;             |Full_Adder:fa1|               ; 3 (3)               ; 0 (0)                     ; 0           ; 0            ; 0       ; 0         ; 0    ; 0            ; |ExecUnit_CSkip|ArithUnit_CSkip:ArithUnit64|Adder_Skip:Adder64|Carry_Skip_Block:\result:4:CSB|Full_Adder:fa1  ; Full_Adder       ; work         ;
;             |Full_Adder:fa2|               ; 3 (3)               ; 0 (0)                     ; 0           ; 0            ; 0       ; 0         ; 0    ; 0            ; |ExecUnit_CSkip|ArithUnit_CSkip:ArithUnit64|Adder_Skip:Adder64|Carry_Skip_Block:\result:4:CSB|Full_Adder:fa2  ; Full_Adder       ; work         ;
;             |Full_Adder:fa3|               ; 3 (3)               ; 0 (0)                     ; 0           ; 0            ; 0       ; 0         ; 0    ; 0            ; |ExecUnit_CSkip|ArithUnit_CSkip:ArithUnit64|Adder_Skip:Adder64|Carry_Skip_Block:\result:4:CSB|Full_Adder:fa3  ; Full_Adder       ; work         ;
;          |Carry_Skip_Block:\result:5:CSB|  ; 12 (3)              ; 0 (0)                     ; 0           ; 0            ; 0       ; 0         ; 0    ; 0            ; |ExecUnit_CSkip|ArithUnit_CSkip:ArithUnit64|Adder_Skip:Adder64|Carry_Skip_Block:\result:5:CSB                 ; Carry_Skip_Block ; work         ;
;             |Full_Adder:fa0|               ; 3 (3)               ; 0 (0)                     ; 0           ; 0            ; 0       ; 0         ; 0    ; 0            ; |ExecUnit_CSkip|ArithUnit_CSkip:ArithUnit64|Adder_Skip:Adder64|Carry_Skip_Block:\result:5:CSB|Full_Adder:fa0  ; Full_Adder       ; work         ;
;             |Full_Adder:fa1|               ; 2 (2)               ; 0 (0)                     ; 0           ; 0            ; 0       ; 0         ; 0    ; 0            ; |ExecUnit_CSkip|ArithUnit_CSkip:ArithUnit64|Adder_Skip:Adder64|Carry_Skip_Block:\result:5:CSB|Full_Adder:fa1  ; Full_Adder       ; work         ;
;             |Full_Adder:fa2|               ; 3 (3)               ; 0 (0)                     ; 0           ; 0            ; 0       ; 0         ; 0    ; 0            ; |ExecUnit_CSkip|ArithUnit_CSkip:ArithUnit64|Adder_Skip:Adder64|Carry_Skip_Block:\result:5:CSB|Full_Adder:fa2  ; Full_Adder       ; work         ;
;             |Full_Adder:fa3|               ; 1 (1)               ; 0 (0)                     ; 0           ; 0            ; 0       ; 0         ; 0    ; 0            ; |ExecUnit_CSkip|ArithUnit_CSkip:ArithUnit64|Adder_Skip:Adder64|Carry_Skip_Block:\result:5:CSB|Full_Adder:fa3  ; Full_Adder       ; work         ;
;          |Carry_Skip_Block:\result:6:CSB|  ; 12 (3)              ; 0 (0)                     ; 0           ; 0            ; 0       ; 0         ; 0    ; 0            ; |ExecUnit_CSkip|ArithUnit_CSkip:ArithUnit64|Adder_Skip:Adder64|Carry_Skip_Block:\result:6:CSB                 ; Carry_Skip_Block ; work         ;
;             |Full_Adder:fa0|               ; 3 (3)               ; 0 (0)                     ; 0           ; 0            ; 0       ; 0         ; 0    ; 0            ; |ExecUnit_CSkip|ArithUnit_CSkip:ArithUnit64|Adder_Skip:Adder64|Carry_Skip_Block:\result:6:CSB|Full_Adder:fa0  ; Full_Adder       ; work         ;
;             |Full_Adder:fa1|               ; 2 (2)               ; 0 (0)                     ; 0           ; 0            ; 0       ; 0         ; 0    ; 0            ; |ExecUnit_CSkip|ArithUnit_CSkip:ArithUnit64|Adder_Skip:Adder64|Carry_Skip_Block:\result:6:CSB|Full_Adder:fa1  ; Full_Adder       ; work         ;
;             |Full_Adder:fa2|               ; 3 (3)               ; 0 (0)                     ; 0           ; 0            ; 0       ; 0         ; 0    ; 0            ; |ExecUnit_CSkip|ArithUnit_CSkip:ArithUnit64|Adder_Skip:Adder64|Carry_Skip_Block:\result:6:CSB|Full_Adder:fa2  ; Full_Adder       ; work         ;
;             |Full_Adder:fa3|               ; 1 (1)               ; 0 (0)                     ; 0           ; 0            ; 0       ; 0         ; 0    ; 0            ; |ExecUnit_CSkip|ArithUnit_CSkip:ArithUnit64|Adder_Skip:Adder64|Carry_Skip_Block:\result:6:CSB|Full_Adder:fa3  ; Full_Adder       ; work         ;
;          |Carry_Skip_Block:\result:7:CSB|  ; 12 (3)              ; 0 (0)                     ; 0           ; 0            ; 0       ; 0         ; 0    ; 0            ; |ExecUnit_CSkip|ArithUnit_CSkip:ArithUnit64|Adder_Skip:Adder64|Carry_Skip_Block:\result:7:CSB                 ; Carry_Skip_Block ; work         ;
;             |Full_Adder:fa0|               ; 3 (3)               ; 0 (0)                     ; 0           ; 0            ; 0       ; 0         ; 0    ; 0            ; |ExecUnit_CSkip|ArithUnit_CSkip:ArithUnit64|Adder_Skip:Adder64|Carry_Skip_Block:\result:7:CSB|Full_Adder:fa0  ; Full_Adder       ; work         ;
;             |Full_Adder:fa1|               ; 2 (2)               ; 0 (0)                     ; 0           ; 0            ; 0       ; 0         ; 0    ; 0            ; |ExecUnit_CSkip|ArithUnit_CSkip:ArithUnit64|Adder_Skip:Adder64|Carry_Skip_Block:\result:7:CSB|Full_Adder:fa1  ; Full_Adder       ; work         ;
;             |Full_Adder:fa2|               ; 3 (3)               ; 0 (0)                     ; 0           ; 0            ; 0       ; 0         ; 0    ; 0            ; |ExecUnit_CSkip|ArithUnit_CSkip:ArithUnit64|Adder_Skip:Adder64|Carry_Skip_Block:\result:7:CSB|Full_Adder:fa2  ; Full_Adder       ; work         ;
;             |Full_Adder:fa3|               ; 1 (1)               ; 0 (0)                     ; 0           ; 0            ; 0       ; 0         ; 0    ; 0            ; |ExecUnit_CSkip|ArithUnit_CSkip:ArithUnit64|Adder_Skip:Adder64|Carry_Skip_Block:\result:7:CSB|Full_Adder:fa3  ; Full_Adder       ; work         ;
;          |Carry_Skip_Block:\result:8:CSB|  ; 12 (3)              ; 0 (0)                     ; 0           ; 0            ; 0       ; 0         ; 0    ; 0            ; |ExecUnit_CSkip|ArithUnit_CSkip:ArithUnit64|Adder_Skip:Adder64|Carry_Skip_Block:\result:8:CSB                 ; Carry_Skip_Block ; work         ;
;             |Full_Adder:fa0|               ; 3 (3)               ; 0 (0)                     ; 0           ; 0            ; 0       ; 0         ; 0    ; 0            ; |ExecUnit_CSkip|ArithUnit_CSkip:ArithUnit64|Adder_Skip:Adder64|Carry_Skip_Block:\result:8:CSB|Full_Adder:fa0  ; Full_Adder       ; work         ;
;             |Full_Adder:fa1|               ; 2 (2)               ; 0 (0)                     ; 0           ; 0            ; 0       ; 0         ; 0    ; 0            ; |ExecUnit_CSkip|ArithUnit_CSkip:ArithUnit64|Adder_Skip:Adder64|Carry_Skip_Block:\result:8:CSB|Full_Adder:fa1  ; Full_Adder       ; work         ;
;             |Full_Adder:fa2|               ; 3 (3)               ; 0 (0)                     ; 0           ; 0            ; 0       ; 0         ; 0    ; 0            ; |ExecUnit_CSkip|ArithUnit_CSkip:ArithUnit64|Adder_Skip:Adder64|Carry_Skip_Block:\result:8:CSB|Full_Adder:fa2  ; Full_Adder       ; work         ;
;             |Full_Adder:fa3|               ; 1 (1)               ; 0 (0)                     ; 0           ; 0            ; 0       ; 0         ; 0    ; 0            ; |ExecUnit_CSkip|ArithUnit_CSkip:ArithUnit64|Adder_Skip:Adder64|Carry_Skip_Block:\result:8:CSB|Full_Adder:fa3  ; Full_Adder       ; work         ;
;          |Carry_Skip_Block:\result:9:CSB|  ; 13 (3)              ; 0 (0)                     ; 0           ; 0            ; 0       ; 0         ; 0    ; 0            ; |ExecUnit_CSkip|ArithUnit_CSkip:ArithUnit64|Adder_Skip:Adder64|Carry_Skip_Block:\result:9:CSB                 ; Carry_Skip_Block ; work         ;
;             |Full_Adder:fa0|               ; 3 (3)               ; 0 (0)                     ; 0           ; 0            ; 0       ; 0         ; 0    ; 0            ; |ExecUnit_CSkip|ArithUnit_CSkip:ArithUnit64|Adder_Skip:Adder64|Carry_Skip_Block:\result:9:CSB|Full_Adder:fa0  ; Full_Adder       ; work         ;
;             |Full_Adder:fa1|               ; 2 (2)               ; 0 (0)                     ; 0           ; 0            ; 0       ; 0         ; 0    ; 0            ; |ExecUnit_CSkip|ArithUnit_CSkip:ArithUnit64|Adder_Skip:Adder64|Carry_Skip_Block:\result:9:CSB|Full_Adder:fa1  ; Full_Adder       ; work         ;
;             |Full_Adder:fa2|               ; 3 (3)               ; 0 (0)                     ; 0           ; 0            ; 0       ; 0         ; 0    ; 0            ; |ExecUnit_CSkip|ArithUnit_CSkip:ArithUnit64|Adder_Skip:Adder64|Carry_Skip_Block:\result:9:CSB|Full_Adder:fa2  ; Full_Adder       ; work         ;
;             |Full_Adder:fa3|               ; 2 (2)               ; 0 (0)                     ; 0           ; 0            ; 0       ; 0         ; 0    ; 0            ; |ExecUnit_CSkip|ArithUnit_CSkip:ArithUnit64|Adder_Skip:Adder64|Carry_Skip_Block:\result:9:CSB|Full_Adder:fa3  ; Full_Adder       ; work         ;
;    |LogicUnit:LogicUnit64|                 ; 4 (4)               ; 0 (0)                     ; 0           ; 0            ; 0       ; 0         ; 0    ; 0            ; |ExecUnit_CSkip|LogicUnit:LogicUnit64                                                                         ; LogicUnit        ; work         ;
;    |ShiftUnit:ShiftUnit64|                 ; 909 (142)           ; 0 (0)                     ; 0           ; 0            ; 0       ; 0         ; 0    ; 0            ; |ExecUnit_CSkip|ShiftUnit:ShiftUnit64                                                                         ; ShiftUnit        ; work         ;
;       |SLL64:SLL64unit|                    ; 257 (257)           ; 0 (0)                     ; 0           ; 0            ; 0       ; 0         ; 0    ; 0            ; |ExecUnit_CSkip|ShiftUnit:ShiftUnit64|SLL64:SLL64unit                                                         ; SLL64            ; work         ;
;       |SRA64:SRA64unit|                    ; 445 (445)           ; 0 (0)                     ; 0           ; 0            ; 0       ; 0         ; 0    ; 0            ; |ExecUnit_CSkip|ShiftUnit:ShiftUnit64|SRA64:SRA64unit                                                         ; SRA64            ; work         ;
;       |SRL64:SRL64unit|                    ; 65 (65)             ; 0 (0)                     ; 0           ; 0            ; 0       ; 0         ; 0    ; 0            ; |ExecUnit_CSkip|ShiftUnit:ShiftUnit64|SRL64:SRL64unit                                                         ; SRL64            ; work         ;
+--------------------------------------------+---------------------+---------------------------+-------------+--------------+---------+-----------+------+--------------+---------------------------------------------------------------------------------------------------------------+------------------+--------------+
Note: For table entries with two numbers listed, the numbers in parentheses indicate the number of resources of the given type used by the specific entity alone. The numbers listed outside of parentheses indicate the total resources of the given type used by the specific entity and all of its sub-entities in the hierarchy.


+------------------------------------------------------+
; General Register Statistics                          ;
+----------------------------------------------+-------+
; Statistic                                    ; Value ;
+----------------------------------------------+-------+
; Total registers                              ; 0     ;
; Number of registers using Synchronous Clear  ; 0     ;
; Number of registers using Synchronous Load   ; 0     ;
; Number of registers using Asynchronous Clear ; 0     ;
; Number of registers using Asynchronous Load  ; 0     ;
; Number of registers using Clock Enable       ; 0     ;
; Number of registers using Preset             ; 0     ;
+----------------------------------------------+-------+


+----------------------------------------------------------------------------------------------------------------------------------------------------------------------------+
; Multiplexer Restructuring Statistics (Restructuring Performed)                                                                                                             ;
+--------------------+-----------+---------------+----------------------+------------------------+------------+--------------------------------------------------------------+
; Multiplexer Inputs ; Bus Width ; Baseline Area ; Area if Restructured ; Saving if Restructured ; Registered ; Example Multiplexer Output                                   ;
+--------------------+-----------+---------------+----------------------+------------------------+------------+--------------------------------------------------------------+
; 3:1                ; 4 bits    ; 8 LEs         ; 8 LEs                ; 0 LEs                  ; No         ; |ExecUnit_CSkip|ShiftUnit:ShiftUnit64|SLL64:SLL64unit|Mux122 ;
; 3:1                ; 4 bits    ; 8 LEs         ; 8 LEs                ; 0 LEs                  ; No         ; |ExecUnit_CSkip|ShiftUnit:ShiftUnit64|SRL64:SRL64unit|Mux74  ;
; 3:1                ; 4 bits    ; 8 LEs         ; 8 LEs                ; 0 LEs                  ; No         ; |ExecUnit_CSkip|ShiftUnit:ShiftUnit64|SRA64:SRA64unit|Mux71  ;
; 3:1                ; 16 bits   ; 32 LEs        ; 32 LEs               ; 0 LEs                  ; No         ; |ExecUnit_CSkip|ShiftUnit:ShiftUnit64|SRL64:SRL64unit|Mux33  ;
; 3:1                ; 20 bits   ; 40 LEs        ; 40 LEs               ; 0 LEs                  ; No         ; |ExecUnit_CSkip|ShiftUnit:ShiftUnit64|SLL64:SLL64unit|Mux11  ;
; 3:1                ; 15 bits   ; 30 LEs        ; 30 LEs               ; 0 LEs                  ; No         ; |ExecUnit_CSkip|ShiftUnit:ShiftUnit64|SRA64:SRA64unit|Mux41  ;
; 4:1                ; 29 bits   ; 58 LEs        ; 58 LEs               ; 0 LEs                  ; No         ; |ExecUnit_CSkip|ShiftUnit:ShiftUnit64|SRLorSRAout[43]        ;
; 4:1                ; 16 bits   ; 32 LEs        ; 32 LEs               ; 0 LEs                  ; No         ; |ExecUnit_CSkip|ShiftUnit:ShiftUnit64|SLL64:SLL64unit|Mux16  ;
; 4:1                ; 4 bits    ; 8 LEs         ; 8 LEs                ; 0 LEs                  ; No         ; |ExecUnit_CSkip|ShiftUnit:ShiftUnit64|SLL64:SLL64unit|Mux123 ;
; 5:1                ; 2 bits    ; 6 LEs         ; 6 LEs                ; 0 LEs                  ; No         ; |ExecUnit_CSkip|ShiftUnit:ShiftUnit64|SLL64:SLL64unit|Mux66  ;
; 5:1                ; 2 bits    ; 6 LEs         ; 6 LEs                ; 0 LEs                  ; No         ; |ExecUnit_CSkip|ShiftUnit:ShiftUnit64|SRA64:SRA64unit|Mux122 ;
; 12:1               ; 31 bits   ; 248 LEs       ; 217 LEs              ; 31 LEs                 ; No         ; |ExecUnit_CSkip|Mux1                                         ;
; 14:1               ; 29 bits   ; 261 LEs       ; 232 LEs              ; 29 LEs                 ; No         ; |ExecUnit_CSkip|Mux41                                        ;
+--------------------+-----------+---------------+----------------------+------------------------+------------+--------------------------------------------------------------+


+--------------------------------------------------------------------------------+
; Parameter Settings for User Entity Instance: Top-level Entity: |ExecUnit_CSkip ;
+----------------+-------+-------------------------------------------------------+
; Parameter Name ; Value ; Type                                                  ;
+----------------+-------+-------------------------------------------------------+
; N              ; 64    ; Signed Integer                                        ;
+----------------+-------+-------------------------------------------------------+
Note: In order to hide this table in the UI and the text report file, please set the "Show Parameter Settings in Synthesis Report" option in "Analysis and Synthesis Settings -> More Settings" to "Off".


+--------------------------------------------------------------------+
; Parameter Settings for User Entity Instance: LogicUnit:LogicUnit64 ;
+----------------+-------+-------------------------------------------+
; Parameter Name ; Value ; Type                                      ;
+----------------+-------+-------------------------------------------+
; n              ; 64    ; Signed Integer                            ;
+----------------+-------+-------------------------------------------+
Note: In order to hide this table in the UI and the text report file, please set the "Show Parameter Settings in Synthesis Report" option in "Analysis and Synthesis Settings -> More Settings" to "Off".


+--------------------------------------------------------------------------+
; Parameter Settings for User Entity Instance: ArithUnit_CSkip:ArithUnit64 ;
+----------------+-------+-------------------------------------------------+
; Parameter Name ; Value ; Type                                            ;
+----------------+-------+-------------------------------------------------+
; n              ; 64    ; Signed Integer                                  ;
+----------------+-------+-------------------------------------------------+
Note: In order to hide this table in the UI and the text report file, please set the "Show Parameter Settings in Synthesis Report" option in "Analysis and Synthesis Settings -> More Settings" to "Off".


+---------------------------------------------------------------------------------------------+
; Parameter Settings for User Entity Instance: ArithUnit_CSkip:ArithUnit64|Adder_Skip:Adder64 ;
+----------------+-------+--------------------------------------------------------------------+
; Parameter Name ; Value ; Type                                                               ;
+----------------+-------+--------------------------------------------------------------------+
; n              ; 64    ; Signed Integer                                                     ;
+----------------+-------+--------------------------------------------------------------------+
Note: In order to hide this table in the UI and the text report file, please set the "Show Parameter Settings in Synthesis Report" option in "Analysis and Synthesis Settings -> More Settings" to "Off".


+--------------------------------------------------------------------+
; Parameter Settings for User Entity Instance: ShiftUnit:ShiftUnit64 ;
+----------------+-------+-------------------------------------------+
; Parameter Name ; Value ; Type                                      ;
+----------------+-------+-------------------------------------------+
; n              ; 64    ; Signed Integer                            ;
+----------------+-------+-------------------------------------------+
Note: In order to hide this table in the UI and the text report file, please set the "Show Parameter Settings in Synthesis Report" option in "Analysis and Synthesis Settings -> More Settings" to "Off".


+------------------------------------------------------------------------------------+
; Parameter Settings for User Entity Instance: ShiftUnit:ShiftUnit64|SLL64:SLL64unit ;
+----------------+-------+-----------------------------------------------------------+
; Parameter Name ; Value ; Type                                                      ;
+----------------+-------+-----------------------------------------------------------+
; n              ; 64    ; Signed Integer                                            ;
+----------------+-------+-----------------------------------------------------------+
Note: In order to hide this table in the UI and the text report file, please set the "Show Parameter Settings in Synthesis Report" option in "Analysis and Synthesis Settings -> More Settings" to "Off".


+------------------------------------------------------------------------------------+
; Parameter Settings for User Entity Instance: ShiftUnit:ShiftUnit64|SRL64:SRL64unit ;
+----------------+-------+-----------------------------------------------------------+
; Parameter Name ; Value ; Type                                                      ;
+----------------+-------+-----------------------------------------------------------+
; n              ; 64    ; Signed Integer                                            ;
+----------------+-------+-----------------------------------------------------------+
Note: In order to hide this table in the UI and the text report file, please set the "Show Parameter Settings in Synthesis Report" option in "Analysis and Synthesis Settings -> More Settings" to "Off".


+------------------------------------------------------------------------------------+
; Parameter Settings for User Entity Instance: ShiftUnit:ShiftUnit64|SRA64:SRA64unit ;
+----------------+-------+-----------------------------------------------------------+
; Parameter Name ; Value ; Type                                                      ;
+----------------+-------+-----------------------------------------------------------+
; n              ; 64    ; Signed Integer                                            ;
+----------------+-------+-----------------------------------------------------------+
Note: In order to hide this table in the UI and the text report file, please set the "Show Parameter Settings in Synthesis Report" option in "Analysis and Synthesis Settings -> More Settings" to "Off".


+----------------------------------------------------------------------------------------------------------------+
; Port Connectivity Checks: "ArithUnit_CSkip:ArithUnit64|Adder_Skip:Adder64|Carry_Skip_Block:\result:14:CSB"     ;
+------+--------+----------+-------------------------------------------------------------------------------------+
; Port ; Type   ; Severity ; Details                                                                             ;
+------+--------+----------+-------------------------------------------------------------------------------------+
; ovfl ; Output ; Info     ; Connected to dangling logic. Logic that only feeds a dangling port will be removed. ;
+------+--------+----------+-------------------------------------------------------------------------------------+


+----------------------------------------------------------------------------------------------------------------+
; Port Connectivity Checks: "ArithUnit_CSkip:ArithUnit64|Adder_Skip:Adder64|Carry_Skip_Block:\result:13:CSB"     ;
+------+--------+----------+-------------------------------------------------------------------------------------+
; Port ; Type   ; Severity ; Details                                                                             ;
+------+--------+----------+-------------------------------------------------------------------------------------+
; ovfl ; Output ; Info     ; Connected to dangling logic. Logic that only feeds a dangling port will be removed. ;
+------+--------+----------+-------------------------------------------------------------------------------------+


+----------------------------------------------------------------------------------------------------------------+
; Port Connectivity Checks: "ArithUnit_CSkip:ArithUnit64|Adder_Skip:Adder64|Carry_Skip_Block:\result:12:CSB"     ;
+------+--------+----------+-------------------------------------------------------------------------------------+
; Port ; Type   ; Severity ; Details                                                                             ;
+------+--------+----------+-------------------------------------------------------------------------------------+
; ovfl ; Output ; Info     ; Connected to dangling logic. Logic that only feeds a dangling port will be removed. ;
+------+--------+----------+-------------------------------------------------------------------------------------+


+----------------------------------------------------------------------------------------------------------------+
; Port Connectivity Checks: "ArithUnit_CSkip:ArithUnit64|Adder_Skip:Adder64|Carry_Skip_Block:\result:11:CSB"     ;
+------+--------+----------+-------------------------------------------------------------------------------------+
; Port ; Type   ; Severity ; Details                                                                             ;
+------+--------+----------+-------------------------------------------------------------------------------------+
; ovfl ; Output ; Info     ; Connected to dangling logic. Logic that only feeds a dangling port will be removed. ;
+------+--------+----------+-------------------------------------------------------------------------------------+


+----------------------------------------------------------------------------------------------------------------+
; Port Connectivity Checks: "ArithUnit_CSkip:ArithUnit64|Adder_Skip:Adder64|Carry_Skip_Block:\result:10:CSB"     ;
+------+--------+----------+-------------------------------------------------------------------------------------+
; Port ; Type   ; Severity ; Details                                                                             ;
+------+--------+----------+-------------------------------------------------------------------------------------+
; ovfl ; Output ; Info     ; Connected to dangling logic. Logic that only feeds a dangling port will be removed. ;
+------+--------+----------+-------------------------------------------------------------------------------------+


+----------------------------------------------------------------------------------------------------------------+
; Port Connectivity Checks: "ArithUnit_CSkip:ArithUnit64|Adder_Skip:Adder64|Carry_Skip_Block:\result:9:CSB"      ;
+------+--------+----------+-------------------------------------------------------------------------------------+
; Port ; Type   ; Severity ; Details                                                                             ;
+------+--------+----------+-------------------------------------------------------------------------------------+
; ovfl ; Output ; Info     ; Connected to dangling logic. Logic that only feeds a dangling port will be removed. ;
+------+--------+----------+-------------------------------------------------------------------------------------+


+----------------------------------------------------------------------------------------------------------------+
; Port Connectivity Checks: "ArithUnit_CSkip:ArithUnit64|Adder_Skip:Adder64|Carry_Skip_Block:\result:8:CSB"      ;
+------+--------+----------+-------------------------------------------------------------------------------------+
; Port ; Type   ; Severity ; Details                                                                             ;
+------+--------+----------+-------------------------------------------------------------------------------------+
; ovfl ; Output ; Info     ; Connected to dangling logic. Logic that only feeds a dangling port will be removed. ;
+------+--------+----------+-------------------------------------------------------------------------------------+


+----------------------------------------------------------------------------------------------------------------+
; Port Connectivity Checks: "ArithUnit_CSkip:ArithUnit64|Adder_Skip:Adder64|Carry_Skip_Block:\result:7:CSB"      ;
+------+--------+----------+-------------------------------------------------------------------------------------+
; Port ; Type   ; Severity ; Details                                                                             ;
+------+--------+----------+-------------------------------------------------------------------------------------+
; ovfl ; Output ; Info     ; Connected to dangling logic. Logic that only feeds a dangling port will be removed. ;
+------+--------+----------+-------------------------------------------------------------------------------------+


+----------------------------------------------------------------------------------------------------------------+
; Port Connectivity Checks: "ArithUnit_CSkip:ArithUnit64|Adder_Skip:Adder64|Carry_Skip_Block:\result:6:CSB"      ;
+------+--------+----------+-------------------------------------------------------------------------------------+
; Port ; Type   ; Severity ; Details                                                                             ;
+------+--------+----------+-------------------------------------------------------------------------------------+
; ovfl ; Output ; Info     ; Connected to dangling logic. Logic that only feeds a dangling port will be removed. ;
+------+--------+----------+-------------------------------------------------------------------------------------+


+----------------------------------------------------------------------------------------------------------------+
; Port Connectivity Checks: "ArithUnit_CSkip:ArithUnit64|Adder_Skip:Adder64|Carry_Skip_Block:\result:5:CSB"      ;
+------+--------+----------+-------------------------------------------------------------------------------------+
; Port ; Type   ; Severity ; Details                                                                             ;
+------+--------+----------+-------------------------------------------------------------------------------------+
; ovfl ; Output ; Info     ; Connected to dangling logic. Logic that only feeds a dangling port will be removed. ;
+------+--------+----------+-------------------------------------------------------------------------------------+


+----------------------------------------------------------------------------------------------------------------+
; Port Connectivity Checks: "ArithUnit_CSkip:ArithUnit64|Adder_Skip:Adder64|Carry_Skip_Block:\result:4:CSB"      ;
+------+--------+----------+-------------------------------------------------------------------------------------+
; Port ; Type   ; Severity ; Details                                                                             ;
+------+--------+----------+-------------------------------------------------------------------------------------+
; ovfl ; Output ; Info     ; Connected to dangling logic. Logic that only feeds a dangling port will be removed. ;
+------+--------+----------+-------------------------------------------------------------------------------------+


+----------------------------------------------------------------------------------------------------------------+
; Port Connectivity Checks: "ArithUnit_CSkip:ArithUnit64|Adder_Skip:Adder64|Carry_Skip_Block:\result:3:CSB"      ;
+------+--------+----------+-------------------------------------------------------------------------------------+
; Port ; Type   ; Severity ; Details                                                                             ;
+------+--------+----------+-------------------------------------------------------------------------------------+
; ovfl ; Output ; Info     ; Connected to dangling logic. Logic that only feeds a dangling port will be removed. ;
+------+--------+----------+-------------------------------------------------------------------------------------+


+----------------------------------------------------------------------------------------------------------------+
; Port Connectivity Checks: "ArithUnit_CSkip:ArithUnit64|Adder_Skip:Adder64|Carry_Skip_Block:\result:2:CSB"      ;
+------+--------+----------+-------------------------------------------------------------------------------------+
; Port ; Type   ; Severity ; Details                                                                             ;
+------+--------+----------+-------------------------------------------------------------------------------------+
; ovfl ; Output ; Info     ; Connected to dangling logic. Logic that only feeds a dangling port will be removed. ;
+------+--------+----------+-------------------------------------------------------------------------------------+


+----------------------------------------------------------------------------------------------------------------+
; Port Connectivity Checks: "ArithUnit_CSkip:ArithUnit64|Adder_Skip:Adder64|Carry_Skip_Block:\result:1:CSB"      ;
+------+--------+----------+-------------------------------------------------------------------------------------+
; Port ; Type   ; Severity ; Details                                                                             ;
+------+--------+----------+-------------------------------------------------------------------------------------+
; ovfl ; Output ; Info     ; Connected to dangling logic. Logic that only feeds a dangling port will be removed. ;
+------+--------+----------+-------------------------------------------------------------------------------------+


+----------------------------------------------------------------------------------------------------------------+
; Port Connectivity Checks: "ArithUnit_CSkip:ArithUnit64|Adder_Skip:Adder64|Carry_Skip_Block:\result:0:CSB"      ;
+------+--------+----------+-------------------------------------------------------------------------------------+
; Port ; Type   ; Severity ; Details                                                                             ;
+------+--------+----------+-------------------------------------------------------------------------------------+
; ovfl ; Output ; Info     ; Connected to dangling logic. Logic that only feeds a dangling port will be removed. ;
+------+--------+----------+-------------------------------------------------------------------------------------+


+----------------------------------------------------------------------------------------------------------------+
; Port Connectivity Checks: "ArithUnit_CSkip:ArithUnit64"                                                        ;
+------+--------+----------+-------------------------------------------------------------------------------------+
; Port ; Type   ; Severity ; Details                                                                             ;
+------+--------+----------+-------------------------------------------------------------------------------------+
; addy ; Output ; Info     ; Connected to dangling logic. Logic that only feeds a dangling port will be removed. ;
; cout ; Output ; Info     ; Connected to dangling logic. Logic that only feeds a dangling port will be removed. ;
; ovfl ; Output ; Info     ; Connected to dangling logic. Logic that only feeds a dangling port will be removed. ;
+------+--------+----------+-------------------------------------------------------------------------------------+


+-----------------------------------------------------+
; Post-Synthesis Netlist Statistics for Top Partition ;
+-----------------------+-----------------------------+
; Type                  ; Count                       ;
+-----------------------+-----------------------------+
; boundary_port         ; 204                         ;
; cycloneiii_lcell_comb ; 1617                        ;
;     normal            ; 1617                        ;
;         1 data inputs ; 2                           ;
;         2 data inputs ; 162                         ;
;         3 data inputs ; 282                         ;
;         4 data inputs ; 1171                        ;
;                       ;                             ;
; Max LUT depth         ; 86.00                       ;
; Average LUT depth     ; 26.68                       ;
+-----------------------+-----------------------------+


+-------------------------------+
; Elapsed Time Per Partition    ;
+----------------+--------------+
; Partition Name ; Elapsed Time ;
+----------------+--------------+
; Top            ; 00:00:04     ;
+----------------+--------------+


+-------------------------------+
; Analysis & Synthesis Messages ;
+-------------------------------+
Info: *******************************************************************
Info: Running Quartus Prime Analysis & Synthesis
    Info: Version 20.1.0 Build 711 06/05/2020 SJ Lite Edition
    Info: Processing started: Thu Apr 29 23:37:37 2021
Info: Command: quartus_map --read_settings_files=on --write_settings_files=off ExU -c ExU
Warning (18236): Number of processors has not been specified which may cause overloading on shared machines.  Set the global assignment NUM_PARALLEL_PROCESSORS in your QSF to an appropriate value for best performance.
Info (20030): Parallel compilation is enabled and will use 4 of the 4 processors detected
Info (12021): Found 2 design units, including 1 entities, in source file sourcecode/srl64.vhd
    Info (12022): Found design unit 1: SRL64-rtl File: C:/Users/Ben/Documents/ExU/SourceCode/SRL64.vhd Line: 14
    Info (12023): Found entity 1: SRL64 File: C:/Users/Ben/Documents/ExU/SourceCode/SRL64.vhd Line: 7
Info (12021): Found 2 design units, including 1 entities, in source file sourcecode/sra64.vhd
    Info (12022): Found design unit 1: SRA64-rtl File: C:/Users/Ben/Documents/ExU/SourceCode/SRA64.vhd Line: 14
    Info (12023): Found entity 1: SRA64 File: C:/Users/Ben/Documents/ExU/SourceCode/SRA64.vhd Line: 7
Info (12021): Found 2 design units, including 1 entities, in source file sourcecode/sll64.vhd
    Info (12022): Found design unit 1: SLL64-rtl File: C:/Users/Ben/Documents/ExU/SourceCode/SLL64.vhd Line: 14
    Info (12023): Found entity 1: SLL64 File: C:/Users/Ben/Documents/ExU/SourceCode/SLL64.vhd Line: 7
Info (12021): Found 2 design units, including 1 entities, in source file sourcecode/shiftunit.vhd
    Info (12022): Found design unit 1: ShiftUnit-rtl File: C:/Users/Ben/Documents/ExU/SourceCode/ShiftUnit.vhd Line: 15
    Info (12023): Found entity 1: ShiftUnit File: C:/Users/Ben/Documents/ExU/SourceCode/ShiftUnit.vhd Line: 6
Info (12021): Found 2 design units, including 1 entities, in source file sourcecode/logicunit.vhd
    Info (12022): Found design unit 1: LogicUnit-rtl File: C:/Users/Ben/Documents/ExU/SourceCode/LogicUnit.vhd Line: 11
    Info (12023): Found entity 1: LogicUnit File: C:/Users/Ben/Documents/ExU/SourceCode/LogicUnit.vhd Line: 4
Info (12021): Found 2 design units, including 1 entities, in source file sourcecode/full_adder.vhd
    Info (12022): Found design unit 1: Full_Adder-rtl File: C:/Users/Ben/Documents/ExU/SourceCode/Full_Adder.vhd Line: 9
    Info (12023): Found entity 1: Full_Adder File: C:/Users/Ben/Documents/ExU/SourceCode/Full_Adder.vhd Line: 4
Info (12021): Found 2 design units, including 1 entities, in source file sourcecode/execunit_cskip.vhd
    Info (12022): Found design unit 1: ExecUnit_CSkip-rtl File: C:/Users/Ben/Documents/ExU/SourceCode/ExecUnit_CSkip.vhd Line: 18
    Info (12023): Found entity 1: ExecUnit_CSkip File: C:/Users/Ben/Documents/ExU/SourceCode/ExecUnit_CSkip.vhd Line: 5
Info (12021): Found 2 design units, including 1 entities, in source file sourcecode/carry_skip_block.vhd
    Info (12022): Found design unit 1: Carry_Skip_Block-rtl File: C:/Users/Ben/Documents/ExU/SourceCode/Carry_Skip_Block.vhd Line: 11
    Info (12023): Found entity 1: Carry_Skip_Block File: C:/Users/Ben/Documents/ExU/SourceCode/Carry_Skip_Block.vhd Line: 4
Info (12021): Found 2 design units, including 1 entities, in source file sourcecode/arithunit_cskip.vhd
    Info (12022): Found design unit 1: ArithUnit_CSkip-rtl File: C:/Users/Ben/Documents/ExU/SourceCode/ArithUnit_CSkip.vhd Line: 18
    Info (12023): Found entity 1: ArithUnit_CSkip File: C:/Users/Ben/Documents/ExU/SourceCode/ArithUnit_CSkip.vhd Line: 8
Info (12021): Found 2 design units, including 1 entities, in source file sourcecode/adder_skip.vhd
    Info (12022): Found design unit 1: Adder_Skip-rtl File: C:/Users/Ben/Documents/ExU/SourceCode/Adder_Skip.vhd Line: 14
    Info (12023): Found entity 1: Adder_Skip File: C:/Users/Ben/Documents/ExU/SourceCode/Adder_Skip.vhd Line: 4
Info (12127): Elaborating entity "ExecUnit_CSkip" for the top level hierarchy
Warning (10036): Verilog HDL or VHDL warning at ExecUnit_CSkip.vhd(45): object "trash_cout" assigned a value but never read File: C:/Users/Ben/Documents/ExU/SourceCode/ExecUnit_CSkip.vhd Line: 45
Warning (10036): Verilog HDL or VHDL warning at ExecUnit_CSkip.vhd(45): object "trash_ovfl" assigned a value but never read File: C:/Users/Ben/Documents/ExU/SourceCode/ExecUnit_CSkip.vhd Line: 45
Warning (10036): Verilog HDL or VHDL warning at ExecUnit_CSkip.vhd(46): object "throwaway" assigned a value but never read File: C:/Users/Ben/Documents/ExU/SourceCode/ExecUnit_CSkip.vhd Line: 46
Info (12128): Elaborating entity "LogicUnit" for hierarchy "LogicUnit:LogicUnit64" File: C:/Users/Ben/Documents/ExU/SourceCode/ExecUnit_CSkip.vhd Line: 52
Info (12128): Elaborating entity "ArithUnit_CSkip" for hierarchy "ArithUnit_CSkip:ArithUnit64" File: C:/Users/Ben/Documents/ExU/SourceCode/ExecUnit_CSkip.vhd Line: 53
Info (12128): Elaborating entity "Adder_Skip" for hierarchy "ArithUnit_CSkip:ArithUnit64|Adder_Skip:Adder64" File: C:/Users/Ben/Documents/ExU/SourceCode/ArithUnit_CSkip.vhd Line: 32
Info (12128): Elaborating entity "Carry_Skip_Block" for hierarchy "ArithUnit_CSkip:ArithUnit64|Adder_Skip:Adder64|Carry_Skip_Block:\result:0:CSB" File: C:/Users/Ben/Documents/ExU/SourceCode/Adder_Skip.vhd Line: 33
Info (12128): Elaborating entity "Full_Adder" for hierarchy "ArithUnit_CSkip:ArithUnit64|Adder_Skip:Adder64|Carry_Skip_Block:\result:0:CSB|Full_Adder:fa0" File: C:/Users/Ben/Documents/ExU/SourceCode/Carry_Skip_Block.vhd Line: 24
Info (12128): Elaborating entity "ShiftUnit" for hierarchy "ShiftUnit:ShiftUnit64" File: C:/Users/Ben/Documents/ExU/SourceCode/ExecUnit_CSkip.vhd Line: 54
Info (12128): Elaborating entity "SLL64" for hierarchy "ShiftUnit:ShiftUnit64|SLL64:SLL64unit" File: C:/Users/Ben/Documents/ExU/SourceCode/ShiftUnit.vhd Line: 54
Info (12128): Elaborating entity "SRL64" for hierarchy "ShiftUnit:ShiftUnit64|SRL64:SRL64unit" File: C:/Users/Ben/Documents/ExU/SourceCode/ShiftUnit.vhd Line: 55
Info (12128): Elaborating entity "SRA64" for hierarchy "ShiftUnit:ShiftUnit64|SRA64:SRA64unit" File: C:/Users/Ben/Documents/ExU/SourceCode/ShiftUnit.vhd Line: 56
Info (286030): Timing-Driven Synthesis is running
Info (16010): Generating hard_block partition "hard_block:auto_generated_inst"
    Info (16011): Adding 0 node(s), including 0 DDIO, 0 PLL, 0 transceiver and 0 LCELL
Info (21057): Implemented 1819 device resources after synthesis - the final resource count might be different
    Info (21058): Implemented 137 input pins
    Info (21059): Implemented 67 output pins
    Info (21061): Implemented 1615 logic cells
Info: Quartus Prime Analysis & Synthesis was successful. 0 errors, 4 warnings
    Info: Peak virtual memory: 4782 megabytes
    Info: Processing ended: Thu Apr 29 23:37:50 2021
    Info: Elapsed time: 00:00:13
    Info: Total CPU time (on all processors): 00:00:25


